<?xml version="1.0" encoding="UTF-8"?>
<!-- Generated by org.testng.reporters.JUnitReportReporter -->
<testsuite hostname="apples-MacBook-Air.local" failures="0" tests="2" name="TestNG.Sample2" time="0.003" errors="0" timestamp="2023-10-12T10:53:36 IST" skipped="0">
  <testcase classname="TestNG.Sample2" name="case2" time="0.002"/>
  <system-out/>
  <testcase classname="TestNG.Sample2" name="case1" time="0.001"/>
  <system-out/>
</testsuite> <!-- TestNG.Sample2 -->
