<?xml version="1.0" encoding="UTF-8"?>
<!-- Generated by org.testng.reporters.JUnitReportReporter -->
<testsuite hostname="apples-MacBook-Air.local" failures="0" tests="1" name="DataProvider.DataDriven" time="1.070" errors="0" timestamp="2023-10-16T11:45:06 IST" skipped="0">
  <testcase classname="DataProvider.DataDriven" name="dd1" time="1.070"/>
  <system-out/>
</testsuite> <!-- DataProvider.DataDriven -->
