<?xml version="1.0" encoding="UTF-8"?>
<!-- Generated by org.testng.reporters.JUnitReportReporter -->
<testsuite hostname="apples-MacBook-Air.local" failures="0" tests="1" name="Demo.Test3" time="6.419" errors="0" timestamp="2023-10-13T12:27:45 IST" skipped="0">
  <testcase classname="Demo.Test3" name="m2" time="6.419"/>
  <system-out/>
</testsuite> <!-- Demo.Test3 -->
