<?xml version="1.0" encoding="UTF-8"?>
<!-- Generated by org.testng.reporters.JUnitReportReporter -->
<testsuite hostname="apples-MacBook-Air.local" failures="0" tests="1" name="Demo.OrangeHRMStagingLogin" time="5.498" errors="0" timestamp="2023-10-24T11:31:28 IST" skipped="0">
  <testcase classname="Demo.OrangeHRMStagingLogin" name="test1" time="5.498"/>
  <system-out/>
</testsuite> <!-- Demo.OrangeHRMStagingLogin -->
