<?xml version="1.0" encoding="UTF-8"?>
<!-- Generated by org.testng.reporters.JUnitReportReporter -->
<testsuite hostname="apples-MacBook-Air.local" failures="0" tests="3" name="TestNG.Sample" time="0.031" errors="0" timestamp="2023-10-12T10:53:36 IST" skipped="0">
  <testcase classname="TestNG.Sample" name="t1" time="0.025"/>
  <system-out/>
  <testcase classname="TestNG.Sample" name="t3" time="0.004"/>
  <system-out/>
  <testcase classname="TestNG.Sample" name="t2" time="0.002"/>
  <system-out/>
</testsuite> <!-- TestNG.Sample -->
