<?xml version="1.0" encoding="UTF-8"?>
<!-- Generated by org.testng.reporters.JUnitReportReporter -->
<testsuite hostname="apples-MacBook-Air.local" failures="0" tests="2" name="Demo.Test2" time="0.017" errors="0" timestamp="2023-10-12T12:49:16 IST" skipped="0">
  <testcase classname="Demo.Test2" name="tc2" time="0.004"/>
  <system-out/>
  <testcase classname="Demo.Test2" name="tc1" time="0.013"/>
  <system-out/>
</testsuite> <!-- Demo.Test2 -->
