<?xml version="1.0" encoding="UTF-8"?>
<!-- Generated by org.testng.reporters.JUnitReportReporter -->
<testsuite hostname="apples-MacBook-Air.local" failures="0" tests="1" name="OrangeHRM.Test1" time="31.716" errors="0" timestamp="2023-10-13T14:59:53 IST" skipped="0">
  <testcase classname="OrangeHRM.Test1" name="tes1" time="31.716"/>
  <system-out/>
</testsuite> <!-- OrangeHRM.Test1 -->
