<?xml version="1.0" encoding="UTF-8"?>
<!-- Generated by org.testng.reporters.JUnitReportReporter -->
<testsuite hostname="apples-MacBook-Air.local" failures="0" tests="2" name="Demo.Test1" time="0.018" errors="0" timestamp="2023-10-12T12:20:33 IST" skipped="0">
  <testcase classname="Demo.Test1" name="c2" time="0.013"/>
  <system-out/>
  <testcase classname="Demo.Test1" name="c4" time="0.005"/>
  <system-out/>
</testsuite> <!-- Demo.Test1 -->
